e:\3ºdv-1sem\ig2\proyectosogrevc15x86\ig2app\x64\debug\vc143.pdb
e:\3ºdv-1sem\ig2\proyectosogrevc15x86\ig2app\x64\debug\vc143.idb
e:\3ºdv-1sem\ig2\proyectosogrevc15x86\ig2app\x64\debug\ig2app.obj
e:\3ºdv-1sem\ig2\proyectosogrevc15x86\ig2app\x64\debug\ig2main.obj
e:\3ºdv-1sem\ig2\proyectosogrevc15x86\ig2app\x64\debug\ig2applicationcontext.obj
e:\3ºdv-1sem\ig2\proyectosogrevc15x86\ig2app\x64\debug\aspanoria.obj
c:\users\dewei\desktop\davidcasianop1e2\ig2app\x64\debug\vc143.pdb
c:\users\dewei\desktop\davidcasianop1e2\ig2app\x64\debug\vc143.idb
c:\users\dewei\desktop\davidcasianop1e2\ig2app\x64\debug\plano.obj
c:\users\dewei\desktop\davidcasianop1e2\ig2app\x64\debug\noria.obj
c:\users\dewei\desktop\davidcasianop1e2\ig2app\x64\debug\muñeco.obj
c:\users\dewei\desktop\davidcasianop1e2\ig2app\x64\debug\ig2app.obj
c:\users\dewei\desktop\davidcasianop1e2\ig2app\x64\debug\ig2main.obj
c:\users\dewei\desktop\davidcasianop1e2\ig2app\x64\debug\ig2applicationcontext.obj
c:\users\dewei\desktop\davidcasianop1e2\ig2app\x64\debug\entidadig.obj
c:\users\dewei\desktop\davidcasianop1e2\ig2app\x64\debug\aspanoria.obj
c:\users\usuario\desktop\davidcasianop1e2\ig2app\x64\debug\vc143.pdb
c:\users\usuario\desktop\davidcasianop1e2\ig2app\x64\debug\vc143.idb
c:\users\usuario\desktop\davidcasianop1e2\ig2app\x64\debug\plano.obj
c:\users\usuario\desktop\davidcasianop1e2\ig2app\x64\debug\noria.obj
c:\users\usuario\desktop\davidcasianop1e2\ig2app\x64\debug\muñeco.obj
c:\users\usuario\desktop\davidcasianop1e2\ig2app\x64\debug\ig2app.obj
c:\users\usuario\desktop\davidcasianop1e2\ig2app\x64\debug\ig2main.obj
c:\users\usuario\desktop\davidcasianop1e2\ig2app\x64\debug\ig2applicationcontext.obj
c:\users\usuario\desktop\davidcasianop1e2\ig2app\x64\debug\entidadig.obj
c:\users\usuario\desktop\davidcasianop1e2\ig2app\x64\debug\dron.obj
c:\users\usuario\desktop\davidcasianop1e2\ig2app\x64\debug\brazodron.obj
c:\users\usuario\desktop\davidcasianop1e2\ig2app\x64\debug\avion.obj
c:\users\usuario\desktop\davidcasianop1e2\ig2app\x64\debug\aspasnave.obj
c:\users\usuario\desktop\davidcasianop1e2\ig2app\x64\debug\aspanoria.obj
c:\users\usuario\desktop\davidcasianop1e2\ig2app\x64\debug\aspa.obj
c:\users\usuario\desktop\davidcasianop1e2\bin\ig2appdebug.pdb
c:\users\usuario\desktop\davidcasianop1e2\ig2app\x64\debug\ig2app.tlog\cl.command.1.tlog
c:\users\usuario\desktop\davidcasianop1e2\ig2app\x64\debug\ig2app.tlog\cl.read.1.tlog
c:\users\usuario\desktop\davidcasianop1e2\ig2app\x64\debug\ig2app.tlog\cl.write.1.tlog
c:\users\usuario\desktop\davidcasianop1e2\ig2app\x64\debug\ig2app.tlog\link-cvtres.read.1.tlog
c:\users\usuario\desktop\davidcasianop1e2\ig2app\x64\debug\ig2app.tlog\link-cvtres.write.1.tlog
c:\users\usuario\desktop\davidcasianop1e2\ig2app\x64\debug\ig2app.tlog\link-rc.read.1.tlog
c:\users\usuario\desktop\davidcasianop1e2\ig2app\x64\debug\ig2app.tlog\link-rc.write.1.tlog
c:\users\usuario\desktop\davidcasianop1e2\ig2app\x64\debug\ig2app.tlog\link.command.1.tlog
c:\users\usuario\desktop\davidcasianop1e2\ig2app\x64\debug\ig2app.tlog\link.read.1.tlog
c:\users\usuario\desktop\davidcasianop1e2\ig2app\x64\debug\ig2app.tlog\link.read.2.tlog
c:\users\usuario\desktop\davidcasianop1e2\ig2app\x64\debug\ig2app.tlog\link.write.1.tlog
